[2014-10-06 20:03:20] production.ERROR: exception 'BadMethodCallException' with message 'Method [index] does not exist.' in /Users/geert/IdeaProjects/test-laravel/vendor/laravel/framework/src/Illuminate/Routing/Controller.php:268
Stack trace:
#0 [internal function]: Illuminate\Routing\Controller->__call('index', Array)
#1 [internal function]: UserController->index()
#2 /Users/geert/IdeaProjects/test-laravel/vendor/laravel/framework/src/Illuminate/Routing/Controller.php(231): call_user_func_array(Array, Array)
#3 /Users/geert/IdeaProjects/test-laravel/bootstrap/compiled.php(5776): Illuminate\Routing\Controller->callAction('index', Array)
#4 /Users/geert/IdeaProjects/test-laravel/bootstrap/compiled.php(5764): Illuminate\Routing\ControllerDispatcher->call(Object(UserController), Object(Illuminate\Routing\Route), 'index')
#5 /Users/geert/IdeaProjects/test-laravel/bootstrap/compiled.php(4971): Illuminate\Routing\ControllerDispatcher->dispatch(Object(Illuminate\Routing\Route), Object(Illuminate\Http\Request), 'UserController', 'index')
#6 [internal function]: Illuminate\Routing\Router->Illuminate\Routing\{closure}()
#7 /Users/geert/IdeaProjects/test-laravel/bootstrap/compiled.php(5329): call_user_func_array(Object(Closure), Array)
#8 /Users/geert/IdeaProjects/test-laravel/bootstrap/compiled.php(4996): Illuminate\Routing\Route->run(Object(Illuminate\Http\Request))
#9 /Users/geert/IdeaProjects/test-laravel/bootstrap/compiled.php(4984): Illuminate\Routing\Router->dispatchToRoute(Object(Illuminate\Http\Request))
#10 /Users/geert/IdeaProjects/test-laravel/bootstrap/compiled.php(715): Illuminate\Routing\Router->dispatch(Object(Illuminate\Http\Request))
#11 /Users/geert/IdeaProjects/test-laravel/bootstrap/compiled.php(696): Illuminate\Foundation\Application->dispatch(Object(Illuminate\Http\Request))
#12 /Users/geert/IdeaProjects/test-laravel/bootstrap/compiled.php(7744): Illuminate\Foundation\Application->handle(Object(Illuminate\Http\Request), 1, true)
#13 /Users/geert/IdeaProjects/test-laravel/bootstrap/compiled.php(8351): Illuminate\Session\Middleware->handle(Object(Illuminate\Http\Request), 1, true)
#14 /Users/geert/IdeaProjects/test-laravel/bootstrap/compiled.php(8298): Illuminate\Cookie\Queue->handle(Object(Illuminate\Http\Request), 1, true)
#15 /Users/geert/IdeaProjects/test-laravel/bootstrap/compiled.php(10957): Illuminate\Cookie\Guard->handle(Object(Illuminate\Http\Request), 1, true)
#16 /Users/geert/IdeaProjects/test-laravel/bootstrap/compiled.php(657): Stack\StackedHttpKernel->handle(Object(Illuminate\Http\Request))
#17 /Users/geert/IdeaProjects/test-laravel/public/index.php(49): Illuminate\Foundation\Application->run()
#18 /Users/geert/IdeaProjects/test-laravel/server.php(19): require_once('/Users/geert/Id...')
#19 {main} [] []
[2014-10-06 20:06:20] production.ERROR: exception 'Symfony\Component\HttpKernel\Exception\NotFoundHttpException' in /Users/geert/IdeaProjects/test-laravel/bootstrap/compiled.php:5680
Stack trace:
#0 /Users/geert/IdeaProjects/test-laravel/bootstrap/compiled.php(5004): Illuminate\Routing\RouteCollection->match(Object(Illuminate\Http\Request))
#1 /Users/geert/IdeaProjects/test-laravel/bootstrap/compiled.php(4992): Illuminate\Routing\Router->findRoute(Object(Illuminate\Http\Request))
#2 /Users/geert/IdeaProjects/test-laravel/bootstrap/compiled.php(4984): Illuminate\Routing\Router->dispatchToRoute(Object(Illuminate\Http\Request))
#3 /Users/geert/IdeaProjects/test-laravel/bootstrap/compiled.php(715): Illuminate\Routing\Router->dispatch(Object(Illuminate\Http\Request))
#4 /Users/geert/IdeaProjects/test-laravel/bootstrap/compiled.php(696): Illuminate\Foundation\Application->dispatch(Object(Illuminate\Http\Request))
#5 /Users/geert/IdeaProjects/test-laravel/bootstrap/compiled.php(7744): Illuminate\Foundation\Application->handle(Object(Illuminate\Http\Request), 1, true)
#6 /Users/geert/IdeaProjects/test-laravel/bootstrap/compiled.php(8351): Illuminate\Session\Middleware->handle(Object(Illuminate\Http\Request), 1, true)
#7 /Users/geert/IdeaProjects/test-laravel/bootstrap/compiled.php(8298): Illuminate\Cookie\Queue->handle(Object(Illuminate\Http\Request), 1, true)
#8 /Users/geert/IdeaProjects/test-laravel/bootstrap/compiled.php(10957): Illuminate\Cookie\Guard->handle(Object(Illuminate\Http\Request), 1, true)
#9 /Users/geert/IdeaProjects/test-laravel/bootstrap/compiled.php(657): Stack\StackedHttpKernel->handle(Object(Illuminate\Http\Request))
#10 /Users/geert/IdeaProjects/test-laravel/public/index.php(49): Illuminate\Foundation\Application->run()
#11 /Users/geert/IdeaProjects/test-laravel/server.php(19): require_once('/Users/geert/Id...')
#12 {main} [] []
[2014-10-06 20:06:24] production.ERROR: exception 'BadMethodCallException' with message 'Method [index] does not exist.' in /Users/geert/IdeaProjects/test-laravel/vendor/laravel/framework/src/Illuminate/Routing/Controller.php:268
Stack trace:
#0 [internal function]: Illuminate\Routing\Controller->__call('index', Array)
#1 [internal function]: UserController->index()
#2 /Users/geert/IdeaProjects/test-laravel/vendor/laravel/framework/src/Illuminate/Routing/Controller.php(231): call_user_func_array(Array, Array)
#3 /Users/geert/IdeaProjects/test-laravel/bootstrap/compiled.php(5776): Illuminate\Routing\Controller->callAction('index', Array)
#4 /Users/geert/IdeaProjects/test-laravel/bootstrap/compiled.php(5764): Illuminate\Routing\ControllerDispatcher->call(Object(UserController), Object(Illuminate\Routing\Route), 'index')
#5 /Users/geert/IdeaProjects/test-laravel/bootstrap/compiled.php(4971): Illuminate\Routing\ControllerDispatcher->dispatch(Object(Illuminate\Routing\Route), Object(Illuminate\Http\Request), 'UserController', 'index')
#6 [internal function]: Illuminate\Routing\Router->Illuminate\Routing\{closure}()
#7 /Users/geert/IdeaProjects/test-laravel/bootstrap/compiled.php(5329): call_user_func_array(Object(Closure), Array)
#8 /Users/geert/IdeaProjects/test-laravel/bootstrap/compiled.php(4996): Illuminate\Routing\Route->run(Object(Illuminate\Http\Request))
#9 /Users/geert/IdeaProjects/test-laravel/bootstrap/compiled.php(4984): Illuminate\Routing\Router->dispatchToRoute(Object(Illuminate\Http\Request))
#10 /Users/geert/IdeaProjects/test-laravel/bootstrap/compiled.php(715): Illuminate\Routing\Router->dispatch(Object(Illuminate\Http\Request))
#11 /Users/geert/IdeaProjects/test-laravel/bootstrap/compiled.php(696): Illuminate\Foundation\Application->dispatch(Object(Illuminate\Http\Request))
#12 /Users/geert/IdeaProjects/test-laravel/bootstrap/compiled.php(7744): Illuminate\Foundation\Application->handle(Object(Illuminate\Http\Request), 1, true)
#13 /Users/geert/IdeaProjects/test-laravel/bootstrap/compiled.php(8351): Illuminate\Session\Middleware->handle(Object(Illuminate\Http\Request), 1, true)
#14 /Users/geert/IdeaProjects/test-laravel/bootstrap/compiled.php(8298): Illuminate\Cookie\Queue->handle(Object(Illuminate\Http\Request), 1, true)
#15 /Users/geert/IdeaProjects/test-laravel/bootstrap/compiled.php(10957): Illuminate\Cookie\Guard->handle(Object(Illuminate\Http\Request), 1, true)
#16 /Users/geert/IdeaProjects/test-laravel/bootstrap/compiled.php(657): Stack\StackedHttpKernel->handle(Object(Illuminate\Http\Request))
#17 /Users/geert/IdeaProjects/test-laravel/public/index.php(49): Illuminate\Foundation\Application->run()
#18 /Users/geert/IdeaProjects/test-laravel/server.php(19): require_once('/Users/geert/Id...')
#19 {main} [] []
[2014-10-06 20:06:27] production.ERROR: exception 'Symfony\Component\HttpKernel\Exception\NotFoundHttpException' in /Users/geert/IdeaProjects/test-laravel/bootstrap/compiled.php:5680
Stack trace:
#0 /Users/geert/IdeaProjects/test-laravel/bootstrap/compiled.php(5004): Illuminate\Routing\RouteCollection->match(Object(Illuminate\Http\Request))
#1 /Users/geert/IdeaProjects/test-laravel/bootstrap/compiled.php(4992): Illuminate\Routing\Router->findRoute(Object(Illuminate\Http\Request))
#2 /Users/geert/IdeaProjects/test-laravel/bootstrap/compiled.php(4984): Illuminate\Routing\Router->dispatchToRoute(Object(Illuminate\Http\Request))
#3 /Users/geert/IdeaProjects/test-laravel/bootstrap/compiled.php(715): Illuminate\Routing\Router->dispatch(Object(Illuminate\Http\Request))
#4 /Users/geert/IdeaProjects/test-laravel/bootstrap/compiled.php(696): Illuminate\Foundation\Application->dispatch(Object(Illuminate\Http\Request))
#5 /Users/geert/IdeaProjects/test-laravel/bootstrap/compiled.php(7744): Illuminate\Foundation\Application->handle(Object(Illuminate\Http\Request), 1, true)
#6 /Users/geert/IdeaProjects/test-laravel/bootstrap/compiled.php(8351): Illuminate\Session\Middleware->handle(Object(Illuminate\Http\Request), 1, true)
#7 /Users/geert/IdeaProjects/test-laravel/bootstrap/compiled.php(8298): Illuminate\Cookie\Queue->handle(Object(Illuminate\Http\Request), 1, true)
#8 /Users/geert/IdeaProjects/test-laravel/bootstrap/compiled.php(10957): Illuminate\Cookie\Guard->handle(Object(Illuminate\Http\Request), 1, true)
#9 /Users/geert/IdeaProjects/test-laravel/bootstrap/compiled.php(657): Stack\StackedHttpKernel->handle(Object(Illuminate\Http\Request))
#10 /Users/geert/IdeaProjects/test-laravel/public/index.php(49): Illuminate\Foundation\Application->run()
#11 /Users/geert/IdeaProjects/test-laravel/server.php(19): require_once('/Users/geert/Id...')
#12 {main} [] []
[2014-10-06 20:09:05] production.ERROR: exception 'Symfony\Component\HttpKernel\Exception\NotFoundHttpException' in /Users/geert/IdeaProjects/test-laravel/bootstrap/compiled.php:5680
Stack trace:
#0 /Users/geert/IdeaProjects/test-laravel/bootstrap/compiled.php(5004): Illuminate\Routing\RouteCollection->match(Object(Illuminate\Http\Request))
#1 /Users/geert/IdeaProjects/test-laravel/bootstrap/compiled.php(4992): Illuminate\Routing\Router->findRoute(Object(Illuminate\Http\Request))
#2 /Users/geert/IdeaProjects/test-laravel/bootstrap/compiled.php(4984): Illuminate\Routing\Router->dispatchToRoute(Object(Illuminate\Http\Request))
#3 /Users/geert/IdeaProjects/test-laravel/bootstrap/compiled.php(715): Illuminate\Routing\Router->dispatch(Object(Illuminate\Http\Request))
#4 /Users/geert/IdeaProjects/test-laravel/bootstrap/compiled.php(696): Illuminate\Foundation\Application->dispatch(Object(Illuminate\Http\Request))
#5 /Users/geert/IdeaProjects/test-laravel/bootstrap/compiled.php(7744): Illuminate\Foundation\Application->handle(Object(Illuminate\Http\Request), 1, true)
#6 /Users/geert/IdeaProjects/test-laravel/bootstrap/compiled.php(8351): Illuminate\Session\Middleware->handle(Object(Illuminate\Http\Request), 1, true)
#7 /Users/geert/IdeaProjects/test-laravel/bootstrap/compiled.php(8298): Illuminate\Cookie\Queue->handle(Object(Illuminate\Http\Request), 1, true)
#8 /Users/geert/IdeaProjects/test-laravel/bootstrap/compiled.php(10957): Illuminate\Cookie\Guard->handle(Object(Illuminate\Http\Request), 1, true)
#9 /Users/geert/IdeaProjects/test-laravel/bootstrap/compiled.php(657): Stack\StackedHttpKernel->handle(Object(Illuminate\Http\Request))
#10 /Users/geert/IdeaProjects/test-laravel/public/index.php(49): Illuminate\Foundation\Application->run()
#11 /Users/geert/IdeaProjects/test-laravel/server.php(19): require_once('/Users/geert/Id...')
#12 {main} [] []
[2014-10-06 20:09:07] production.ERROR: exception 'Symfony\Component\HttpKernel\Exception\NotFoundHttpException' in /Users/geert/IdeaProjects/test-laravel/bootstrap/compiled.php:5680
Stack trace:
#0 /Users/geert/IdeaProjects/test-laravel/bootstrap/compiled.php(5004): Illuminate\Routing\RouteCollection->match(Object(Illuminate\Http\Request))
#1 /Users/geert/IdeaProjects/test-laravel/bootstrap/compiled.php(4992): Illuminate\Routing\Router->findRoute(Object(Illuminate\Http\Request))
#2 /Users/geert/IdeaProjects/test-laravel/bootstrap/compiled.php(4984): Illuminate\Routing\Router->dispatchToRoute(Object(Illuminate\Http\Request))
#3 /Users/geert/IdeaProjects/test-laravel/bootstrap/compiled.php(715): Illuminate\Routing\Router->dispatch(Object(Illuminate\Http\Request))
#4 /Users/geert/IdeaProjects/test-laravel/bootstrap/compiled.php(696): Illuminate\Foundation\Application->dispatch(Object(Illuminate\Http\Request))
#5 /Users/geert/IdeaProjects/test-laravel/bootstrap/compiled.php(7744): Illuminate\Foundation\Application->handle(Object(Illuminate\Http\Request), 1, true)
#6 /Users/geert/IdeaProjects/test-laravel/bootstrap/compiled.php(8351): Illuminate\Session\Middleware->handle(Object(Illuminate\Http\Request), 1, true)
#7 /Users/geert/IdeaProjects/test-laravel/bootstrap/compiled.php(8298): Illuminate\Cookie\Queue->handle(Object(Illuminate\Http\Request), 1, true)
#8 /Users/geert/IdeaProjects/test-laravel/bootstrap/compiled.php(10957): Illuminate\Cookie\Guard->handle(Object(Illuminate\Http\Request), 1, true)
#9 /Users/geert/IdeaProjects/test-laravel/bootstrap/compiled.php(657): Stack\StackedHttpKernel->handle(Object(Illuminate\Http\Request))
#10 /Users/geert/IdeaProjects/test-laravel/public/index.php(49): Illuminate\Foundation\Application->run()
#11 /Users/geert/IdeaProjects/test-laravel/server.php(19): require_once('/Users/geert/Id...')
#12 {main} [] []
[2014-10-06 20:10:44] production.ERROR: exception 'Symfony\Component\HttpKernel\Exception\NotFoundHttpException' in /Users/geert/IdeaProjects/test-laravel/bootstrap/compiled.php:5680
Stack trace:
#0 /Users/geert/IdeaProjects/test-laravel/bootstrap/compiled.php(5004): Illuminate\Routing\RouteCollection->match(Object(Illuminate\Http\Request))
#1 /Users/geert/IdeaProjects/test-laravel/bootstrap/compiled.php(4992): Illuminate\Routing\Router->findRoute(Object(Illuminate\Http\Request))
#2 /Users/geert/IdeaProjects/test-laravel/bootstrap/compiled.php(4984): Illuminate\Routing\Router->dispatchToRoute(Object(Illuminate\Http\Request))
#3 /Users/geert/IdeaProjects/test-laravel/bootstrap/compiled.php(715): Illuminate\Routing\Router->dispatch(Object(Illuminate\Http\Request))
#4 /Users/geert/IdeaProjects/test-laravel/bootstrap/compiled.php(696): Illuminate\Foundation\Application->dispatch(Object(Illuminate\Http\Request))
#5 /Users/geert/IdeaProjects/test-laravel/bootstrap/compiled.php(7744): Illuminate\Foundation\Application->handle(Object(Illuminate\Http\Request), 1, true)
#6 /Users/geert/IdeaProjects/test-laravel/bootstrap/compiled.php(8351): Illuminate\Session\Middleware->handle(Object(Illuminate\Http\Request), 1, true)
#7 /Users/geert/IdeaProjects/test-laravel/bootstrap/compiled.php(8298): Illuminate\Cookie\Queue->handle(Object(Illuminate\Http\Request), 1, true)
#8 /Users/geert/IdeaProjects/test-laravel/bootstrap/compiled.php(10957): Illuminate\Cookie\Guard->handle(Object(Illuminate\Http\Request), 1, true)
#9 /Users/geert/IdeaProjects/test-laravel/bootstrap/compiled.php(657): Stack\StackedHttpKernel->handle(Object(Illuminate\Http\Request))
#10 /Users/geert/IdeaProjects/test-laravel/public/index.php(49): Illuminate\Foundation\Application->run()
#11 /Users/geert/IdeaProjects/test-laravel/server.php(19): require_once('/Users/geert/Id...')
#12 {main} [] []
[2014-10-06 20:10:58] production.ERROR: exception 'Symfony\Component\HttpKernel\Exception\NotFoundHttpException' in /Users/geert/IdeaProjects/test-laravel/bootstrap/compiled.php:5680
Stack trace:
#0 /Users/geert/IdeaProjects/test-laravel/bootstrap/compiled.php(5004): Illuminate\Routing\RouteCollection->match(Object(Illuminate\Http\Request))
#1 /Users/geert/IdeaProjects/test-laravel/bootstrap/compiled.php(4992): Illuminate\Routing\Router->findRoute(Object(Illuminate\Http\Request))
#2 /Users/geert/IdeaProjects/test-laravel/bootstrap/compiled.php(4984): Illuminate\Routing\Router->dispatchToRoute(Object(Illuminate\Http\Request))
#3 /Users/geert/IdeaProjects/test-laravel/bootstrap/compiled.php(715): Illuminate\Routing\Router->dispatch(Object(Illuminate\Http\Request))
#4 /Users/geert/IdeaProjects/test-laravel/bootstrap/compiled.php(696): Illuminate\Foundation\Application->dispatch(Object(Illuminate\Http\Request))
#5 /Users/geert/IdeaProjects/test-laravel/bootstrap/compiled.php(7744): Illuminate\Foundation\Application->handle(Object(Illuminate\Http\Request), 1, true)
#6 /Users/geert/IdeaProjects/test-laravel/bootstrap/compiled.php(8351): Illuminate\Session\Middleware->handle(Object(Illuminate\Http\Request), 1, true)
#7 /Users/geert/IdeaProjects/test-laravel/bootstrap/compiled.php(8298): Illuminate\Cookie\Queue->handle(Object(Illuminate\Http\Request), 1, true)
#8 /Users/geert/IdeaProjects/test-laravel/bootstrap/compiled.php(10957): Illuminate\Cookie\Guard->handle(Object(Illuminate\Http\Request), 1, true)
#9 /Users/geert/IdeaProjects/test-laravel/bootstrap/compiled.php(657): Stack\StackedHttpKernel->handle(Object(Illuminate\Http\Request))
#10 /Users/geert/IdeaProjects/test-laravel/public/index.php(49): Illuminate\Foundation\Application->run()
#11 /Users/geert/IdeaProjects/test-laravel/server.php(19): require_once('/Users/geert/Id...')
#12 {main} [] []
[2014-10-06 20:11:04] production.ERROR: exception 'Symfony\Component\HttpKernel\Exception\NotFoundHttpException' in /Users/geert/IdeaProjects/test-laravel/bootstrap/compiled.php:5680
Stack trace:
#0 /Users/geert/IdeaProjects/test-laravel/bootstrap/compiled.php(5004): Illuminate\Routing\RouteCollection->match(Object(Illuminate\Http\Request))
#1 /Users/geert/IdeaProjects/test-laravel/bootstrap/compiled.php(4992): Illuminate\Routing\Router->findRoute(Object(Illuminate\Http\Request))
#2 /Users/geert/IdeaProjects/test-laravel/bootstrap/compiled.php(4984): Illuminate\Routing\Router->dispatchToRoute(Object(Illuminate\Http\Request))
#3 /Users/geert/IdeaProjects/test-laravel/bootstrap/compiled.php(715): Illuminate\Routing\Router->dispatch(Object(Illuminate\Http\Request))
#4 /Users/geert/IdeaProjects/test-laravel/bootstrap/compiled.php(696): Illuminate\Foundation\Application->dispatch(Object(Illuminate\Http\Request))
#5 /Users/geert/IdeaProjects/test-laravel/bootstrap/compiled.php(7744): Illuminate\Foundation\Application->handle(Object(Illuminate\Http\Request), 1, true)
#6 /Users/geert/IdeaProjects/test-laravel/bootstrap/compiled.php(8351): Illuminate\Session\Middleware->handle(Object(Illuminate\Http\Request), 1, true)
#7 /Users/geert/IdeaProjects/test-laravel/bootstrap/compiled.php(8298): Illuminate\Cookie\Queue->handle(Object(Illuminate\Http\Request), 1, true)
#8 /Users/geert/IdeaProjects/test-laravel/bootstrap/compiled.php(10957): Illuminate\Cookie\Guard->handle(Object(Illuminate\Http\Request), 1, true)
#9 /Users/geert/IdeaProjects/test-laravel/bootstrap/compiled.php(657): Stack\StackedHttpKernel->handle(Object(Illuminate\Http\Request))
#10 /Users/geert/IdeaProjects/test-laravel/public/index.php(49): Illuminate\Foundation\Application->run()
#11 /Users/geert/IdeaProjects/test-laravel/server.php(19): require_once('/Users/geert/Id...')
#12 {main} [] []
[2014-10-06 20:11:59] production.ERROR: exception 'Symfony\Component\HttpKernel\Exception\NotFoundHttpException' in /Users/geert/IdeaProjects/test-laravel/bootstrap/compiled.php:5680
Stack trace:
#0 /Users/geert/IdeaProjects/test-laravel/bootstrap/compiled.php(5004): Illuminate\Routing\RouteCollection->match(Object(Illuminate\Http\Request))
#1 /Users/geert/IdeaProjects/test-laravel/bootstrap/compiled.php(4992): Illuminate\Routing\Router->findRoute(Object(Illuminate\Http\Request))
#2 /Users/geert/IdeaProjects/test-laravel/bootstrap/compiled.php(4984): Illuminate\Routing\Router->dispatchToRoute(Object(Illuminate\Http\Request))
#3 /Users/geert/IdeaProjects/test-laravel/bootstrap/compiled.php(715): Illuminate\Routing\Router->dispatch(Object(Illuminate\Http\Request))
#4 /Users/geert/IdeaProjects/test-laravel/bootstrap/compiled.php(696): Illuminate\Foundation\Application->dispatch(Object(Illuminate\Http\Request))
#5 /Users/geert/IdeaProjects/test-laravel/bootstrap/compiled.php(7744): Illuminate\Foundation\Application->handle(Object(Illuminate\Http\Request), 1, true)
#6 /Users/geert/IdeaProjects/test-laravel/bootstrap/compiled.php(8351): Illuminate\Session\Middleware->handle(Object(Illuminate\Http\Request), 1, true)
#7 /Users/geert/IdeaProjects/test-laravel/bootstrap/compiled.php(8298): Illuminate\Cookie\Queue->handle(Object(Illuminate\Http\Request), 1, true)
#8 /Users/geert/IdeaProjects/test-laravel/bootstrap/compiled.php(10957): Illuminate\Cookie\Guard->handle(Object(Illuminate\Http\Request), 1, true)
#9 /Users/geert/IdeaProjects/test-laravel/bootstrap/compiled.php(657): Stack\StackedHttpKernel->handle(Object(Illuminate\Http\Request))
#10 /Users/geert/IdeaProjects/test-laravel/public/index.php(49): Illuminate\Foundation\Application->run()
#11 /Users/geert/IdeaProjects/test-laravel/server.php(19): require_once('/Users/geert/Id...')
#12 {main} [] []
